
     | | | | | | |
   _________________
  -|               |-
  -|               |-
  -|               |-
  -|    CYPRESS    |-
  -|               |-
  -|               |-   Warp VHDL Synthesis Compiler: Version 6.3 IR 35
  -|               |-   Copyright (C) 1991-2001 Cypress Semiconductor
   |_______________|
     | | | | | | |

======================================================================
Compiling:  Practica5.vhd
Options:    -yu -e10 -w100 -o2 -ygs -fP -v10 -dc22v10 -ppalce22v10-25pc/pi -b Practica5.vhd -u Practica5.hie
======================================================================

vhdlfe V6.3 IR 35:  VHDL parser
Tue Dec 12 20:37:50 2023

Library 'work' => directory 'lc22v10'
Linking 'C:\Program Files\Cypress\Warp\bin\std.vhd'.
Linking 'C:\Program Files\Cypress\Warp\lib\common\cypress.vhd'.
Linking 'C:\Program Files\Cypress\Warp\lib\common\work\cypress.vif'.
Library 'ieee' => directory 'C:\Program Files\Cypress\Warp\lib\ieee\work'
Linking 'C:\Program Files\Cypress\Warp\lib\ieee\work\stdlogic.vif'.

vhdlfe:  No errors.


tovif V6.3 IR 35:  High-level synthesis
Tue Dec 12 20:37:50 2023

Linking 'C:\Program Files\Cypress\Warp\bin\std.vhd'.
Linking 'C:\Program Files\Cypress\Warp\lib\common\cypress.vhd'.
Linking 'C:\Program Files\Cypress\Warp\lib\common\work\cypress.vif'.
Linking 'C:\Program Files\Cypress\Warp\lib\ieee\work\stdlogic.vif'.
Practica5.vhd (line 20, col 28):  Warning: (W479) 'aux' should be referenced in the sensitivity list.

tovif:  No errors.  1 warning.


topld V6.3 IR 35:  Synthesis and optimization
Tue Dec 12 20:37:50 2023

Linking 'C:\Program Files\Cypress\Warp\bin\std.vhd'.
Linking 'C:\Program Files\Cypress\Warp\lib\common\cypress.vhd'.
Linking 'C:\Program Files\Cypress\Warp\lib\common\work\cypress.vif'.
Linking 'C:\Program Files\Cypress\Warp\lib\ieee\work\stdlogic.vif'.

----------------------------------------------------------
Detecting unused logic.
----------------------------------------------------------



------------------------------------------------------
Alias Detection
------------------------------------------------------

------------------------------------------------------
Aliased 0 equations, 0 wires.
------------------------------------------------------

----------------------------------------------------------
Circuit simplification
----------------------------------------------------------

----------------------------------------------------------
Circuit simplification results:

	Expanded 3 signals.
	Turned 0 signals into soft nodes.
	Maximum default expansion cost was set at 10.
----------------------------------------------------------

------------------------------------------------------
Alias Detection
------------------------------------------------------

------------------------------------------------------
Aliased 0 equations, 0 wires.
------------------------------------------------------
Created 13 PLD nodes.

topld:  No errors.

----------------------------------------------------------------------------
PLD Optimizer Software:       DSGNOPT.EXE    31/03/2000  [v4.02 ] 6.3 IR 35

DESIGN HEADER INFORMATION  (20:37:51)

Input File(s): Practica5.pla
Device       : C22V10
Package      : palce22v10-25pc/pi
ReportFile   : Practica5.rpt

Program Controls:
    COMMAND LANGUAGE_VHDL 
    COMMAND PROPERTY BUS_HOLD ENABLE 

Signal Requests:
    GROUP USEPOL ALL
    GROUP FAST_SLEW ALL

Completed Successfully  
----------------------------------------------------------------------------
PLD Optimizer Software:       DSGNOPT.EXE    31/03/2000  [v4.02 ] 6.3 IR 35

OPTIMIZATION OPTIONS       (20:37:51)

Messages:
  Information: Process virtual 'aux_0' ... converted to NODE.
  Information: Process virtual 'aux_1' ... converted to NODE.
  Information: Process virtual 'aux_2' ... converted to NODE.
  Information: Process virtual 'aux_3' ... converted to NODE.
  Information: Optimizing logic using best output polarity for signals:
         aux_0 aux_1 aux_2 s(0) s(1) s(2) s(3)

  Information: Selected logic optimization OFF for signals:
         aux_3



Summary:
                 Error Count = 0      Warning Count = 0

Completed Successfully  
----------------------------------------------------------------------------
PLD Optimizer Software:       MINOPT.EXE     01/NOV/1999  [v4.02 ] 6.3 IR 35

LOGIC MINIMIZATION         ()

Messages:


Summary:
                 Error Count = 0      Warning Count = 0

Completed Successfully
----------------------------------------------------------------------------
PLD Optimizer Software:       DSGNOPT.EXE    31/03/2000  [v4.02 ] 6.3 IR 35

OPTIMIZATION OPTIONS       (20:37:51)

Messages:
  Information: Optimizing Banked Preset/Reset requirements.


Summary:
                 Error Count = 0      Warning Count = 0

Completed Successfully  
----------------------------------------------------------------------------
PLD Compiler Software:        PLA2JED.EXE    31/03/2000  [v4.02 ] 6.3 IR 35

<CYPRESSTAG name="Equations" icon=FILE_RPT_EQUATION>
DESIGN EQUATIONS           (20:37:51)
</CYPRESSTAG>

    aux_0 =
          aux_0 * c 
        + /c * e(1) 

    aux_1 =
          aux_1 * c 
        + /c * e(2) 

    aux_2 =
          aux_2 * c 
        + /c * e(3) 

    aux_3 =
          aux_3 * c 

    s(0) =
          aux_0 * /c * /e(0) 
        + c * e(0) 
        + /aux_0 * e(0) 

    s(1) =
          /aux_1 * /c * e(1) 
        + c * /e(0) * e(1) 
        + c * e(0) * /e(1) 
        + aux_1 * /c * /e(1) 

    s(2) =
          c * e(0) * e(1) * e(2) 
        + c * /e(0) * /e(1) * e(2) 
        + c * /e(0) * e(1) * /e(2) 
        + c * e(0) * /e(1) * /e(2) 
        + /aux_2 * /c * e(2) 
        + aux_2 * /c * /e(2) 

    s(3) =
          c * /e(0) * e(1) * e(2) * e(3) 
        + c * e(0) * /e(1) * e(2) * e(3) 
        + c * e(0) * e(1) * /e(2) * e(3) 
        + c * /e(0) * /e(1) * /e(2) * e(3) 
        + c * e(0) * e(1) * e(2) * /e(3) 
        + c * /e(0) * /e(1) * e(2) * /e(3) 
        + c * /e(0) * e(1) * /e(2) * /e(3) 
        + c * e(0) * /e(1) * /e(2) * /e(3) 
        + /aux_3 * /c * e(3) 
        + aux_3 * /c * /e(3) 


Completed Successfully  
----------------------------------------------------------------------------
PLD Compiler Software:        PLA2JED.EXE    31/03/2000  [v4.02 ] 6.3 IR 35

DESIGN RULE CHECK          (20:37:51)

Messages:
                 None.


Summary:
                 Error Count = 0      Warning Count = 0

Completed Successfully  
----------------------------------------------------------------------------
PLD Compiler Software:        PLA2JED.EXE    31/03/2000  [v4.02 ] 6.3 IR 35

<CYPRESSTAG name="Pinout" icon=FILE_RPT_PINOUT>
PINOUT INFORMATION   (20:37:51)
</CYPRESSTAG>
Messages:
  Information: Checking for duplicate NODE logic.
                 None.


                                 C22V10
                 __________________________________________
           e(3) =| 1|                                  |24|* not used       
           e(2) =| 2|                                  |23|= s(1)           
           e(1) =| 3|                                  |22|= s(0)           
           e(0) =| 4|                                  |21|= (aux_1)        
              c =| 5|                                  |20|= (aux_3)        
       not used *| 6|                                  |19|* not used       
       not used *| 7|                                  |18|* not used       
       not used *| 8|                                  |17|= (aux_0)        
       not used *| 9|                                  |16|= (aux_2)        
       not used *|10|                                  |15|= s(3)           
       not used *|11|                                  |14|= s(2)           
       not used *|12|                                  |13|* not used       
                 __________________________________________


Summary:
                 Error Count = 0      Warning Count = 0

Completed Successfully  
----------------------------------------------------------------------------
PLD Compiler Software:        PLA2JED.EXE    31/03/2000  [v4.02 ] 6.3 IR 35

<CYPRESSTAG name="Utilization" icon=FILE_RPT_UTILIZATION>
RESOURCE UTILIZATION (20:37:51)
</CYPRESSTAG>
  Information: Macrocell Utilization.

                     Description        Used     Max
                 ______________________________________
                 | Dedicated Inputs   |    4  |   11  |
                 | Clock/Inputs       |    1  |    1  |
                 | I/O Macrocells     |    8  |   10  |
                 ______________________________________
                                          13  /   22   = 59  %


  Information: Output Logic Product Term Utilization.

                  Node#  Output Signal Name  Used   Max
                 ________________________________________
                 | 14  |  s(2)            |   6  |   8  |
                 | 15  |  s(3)            |  10  |  10  |
                 | 16  |  aux_2           |   2  |  12  |
                 | 17  |  aux_0           |   2  |  14  |
                 | 18  |  Unused          |   0  |  16  |
                 | 19  |  Unused          |   0  |  16  |
                 | 20  |  aux_3           |   1  |  14  |
                 | 21  |  aux_1           |   2  |  12  |
                 | 22  |  s(0)            |   3  |  10  |
                 | 23  |  s(1)            |   4  |   8  |
                 | 25  |  Unused          |   0  |   1  |
                 ________________________________________
                                             30  / 121   = 24  %


Completed Successfully  
----------------------------------------------------------------------------
PLD Compiler Software:        PLA2JED.EXE    31/03/2000  [v4.02 ] 6.3 IR 35

JEDEC ASSEMBLE             (20:37:51)

Messages:
  Information: Output file 'Practica5.pin' created.
  Information: Output file 'Practica5.jed' created.

  Usercode:    
  Checksum:    CCDC



Summary:
                 Error Count = 0      Warning Count = 0

Completed Successfully at 20:37:51
