
     | | | | | | |
   _________________
  -|               |-
  -|               |-
  -|               |-
  -|    CYPRESS    |-
  -|               |-
  -|               |-   Warp VHDL Synthesis Compiler: Version 6.3 IR 35
  -|               |-   Copyright (C) 1991-2001 Cypress Semiconductor
   |_______________|
     | | | | | | |

======================================================================
Compiling:  SumadorRestador.vhd
Options:    -yu -e10 -w100 -o2 -ygs -fP -v10 -dc22v10 -ppalce22v10-25pc/pi -b SumadorRestador.vhd -u SumadorRestador.hie
======================================================================

vhdlfe V6.3 IR 35:  VHDL parser
Tue Nov 14 01:59:01 2023

Library 'work' => directory 'lc22v10'
Linking 'C:\Archivos de programa\Cypress\Warp\bin\std.vhd'.
Linking 'C:\Archivos de programa\Cypress\Warp\lib\common\cypress.vhd'.
Linking 'C:\Archivos de programa\Cypress\Warp\lib\common\work\cypress.vif'.
Library 'ieee' => directory 'C:\Archivos de programa\Cypress\Warp\lib\ieee\work'
Linking 'C:\Archivos de programa\Cypress\Warp\lib\ieee\work\stdlogic.vif'.

vhdlfe:  No errors.


tovif V6.3 IR 35:  High-level synthesis
Tue Nov 14 01:59:01 2023

Linking 'C:\Archivos de programa\Cypress\Warp\bin\std.vhd'.
Linking 'C:\Archivos de programa\Cypress\Warp\lib\common\cypress.vhd'.
Linking 'C:\Archivos de programa\Cypress\Warp\lib\common\work\cypress.vif'.
Linking 'C:\Archivos de programa\Cypress\Warp\lib\ieee\work\stdlogic.vif'.

tovif:  No errors.


topld V6.3 IR 35:  Synthesis and optimization
Tue Nov 14 01:59:02 2023

Linking 'C:\Archivos de programa\Cypress\Warp\bin\std.vhd'.
Linking 'C:\Archivos de programa\Cypress\Warp\lib\common\cypress.vhd'.
Linking 'C:\Archivos de programa\Cypress\Warp\lib\common\work\cypress.vif'.
Linking 'C:\Archivos de programa\Cypress\Warp\lib\ieee\work\stdlogic.vif'.

----------------------------------------------------------
Detecting unused logic.
----------------------------------------------------------



------------------------------------------------------
Alias Detection
------------------------------------------------------

------------------------------------------------------
Aliased 0 equations, 0 wires.
------------------------------------------------------

----------------------------------------------------------
Circuit simplification
----------------------------------------------------------

----------------------------------------------------------
Circuit simplification results:

	Expanded 4 signals.
	Turned 0 signals into soft nodes.
	Maximum default expansion cost was set at 10.
----------------------------------------------------------

------------------------------------------------------
Alias Detection
------------------------------------------------------

------------------------------------------------------
Aliased 0 equations, 0 wires.
------------------------------------------------------
Created 21 PLD nodes.

topld:  No errors.

----------------------------------------------------------------------------
PLD Optimizer Software:       DSGNOPT.EXE    31/03/2000  [v4.02 ] 6.3 IR 35

DESIGN HEADER INFORMATION  (01:59:03)

Input File(s): SumadorRestador.pla
Device       : C22V10
Package      : palce22v10-25pc/pi
ReportFile   : SumadorRestador.rpt

Program Controls:
    COMMAND LANGUAGE_VHDL 
    COMMAND PROPERTY BUS_HOLD ENABLE 

Signal Requests:
    GROUP USEPOL ALL
    GROUP FAST_SLEW ALL

Completed Successfully  
----------------------------------------------------------------------------
PLD Optimizer Software:       DSGNOPT.EXE    31/03/2000  [v4.02 ] 6.3 IR 35

OPTIMIZATION OPTIONS       (01:59:03)

Messages:
  Information: Optimizing logic using best output polarity for signals:
         cf ci_0 ci_1 ci_2 sr(0) sr(1) sr(2) sr(3)



Summary:
                 Error Count = 0      Warning Count = 0

Completed Successfully  
----------------------------------------------------------------------------
PLD Optimizer Software:       MINOPT.EXE     01/NOV/1999  [v4.02 ] 6.3 IR 35

LOGIC MINIMIZATION         ()

Messages:


Summary:
                 Error Count = 0      Warning Count = 0

Completed Successfully
----------------------------------------------------------------------------
PLD Optimizer Software:       DSGNOPT.EXE    31/03/2000  [v4.02 ] 6.3 IR 35

OPTIMIZATION OPTIONS       (01:59:04)

Messages:
  Information: Optimizing Banked Preset/Reset requirements.


Summary:
                 Error Count = 0      Warning Count = 0

Completed Successfully  
----------------------------------------------------------------------------
PLD Compiler Software:        PLA2JED.EXE    31/03/2000  [v4.02 ] 6.3 IR 35

<CYPRESSTAG name="Equations" icon=FILE_RPT_EQUATION>
DESIGN EQUATIONS           (01:59:04)
</CYPRESSTAG>

    cf =
          /b(3) * c * ci_2 
        + a(3) * /b(3) * c 
        + b(3) * /c * ci_2 
        + a(3) * b(3) * /c 
        + a(3) * ci_2 

    ci_0 =
          a(0) * b(0) 
        + /b(0) * c 

    ci_1 =
          /b(1) * c * ci_0 
        + a(1) * /b(1) * c 
        + b(1) * /c * ci_0 
        + a(1) * b(1) * /c 
        + a(1) * ci_0 

    ci_2 =
          /b(2) * c * ci_1 
        + a(2) * /b(2) * c 
        + b(2) * /c * ci_1 
        + a(2) * b(2) * /c 
        + a(2) * ci_1 

    sr(0) =
          /a(0) * b(0) 
        + a(0) * /b(0) 

    sr(1) =
          /a(1) * b(1) * c * ci_0 
        + a(1) * /b(1) * c * ci_0 
        + a(1) * b(1) * /c * ci_0 
        + /a(1) * /b(1) * /c * ci_0 
        + a(1) * b(1) * c * /ci_0 
        + /a(1) * /b(1) * c * /ci_0 
        + /a(1) * b(1) * /c * /ci_0 
        + a(1) * /b(1) * /c * /ci_0 

    sr(2) =
          /a(2) * b(2) * c * ci_1 
        + a(2) * /b(2) * c * ci_1 
        + a(2) * b(2) * /c * ci_1 
        + /a(2) * /b(2) * /c * ci_1 
        + a(2) * b(2) * c * /ci_1 
        + /a(2) * /b(2) * c * /ci_1 
        + /a(2) * b(2) * /c * /ci_1 
        + a(2) * /b(2) * /c * /ci_1 

    sr(3) =
          /a(3) * b(3) * c * ci_2 
        + a(3) * /b(3) * c * ci_2 
        + a(3) * b(3) * /c * ci_2 
        + /a(3) * /b(3) * /c * ci_2 
        + a(3) * b(3) * c * /ci_2 
        + /a(3) * /b(3) * c * /ci_2 
        + /a(3) * b(3) * /c * /ci_2 
        + a(3) * /b(3) * /c * /ci_2 


Completed Successfully  
----------------------------------------------------------------------------
PLD Compiler Software:        PLA2JED.EXE    31/03/2000  [v4.02 ] 6.3 IR 35

DESIGN RULE CHECK          (01:59:04)

Messages:
                 None.


Summary:
                 Error Count = 0      Warning Count = 0

Completed Successfully  
----------------------------------------------------------------------------
PLD Compiler Software:        PLA2JED.EXE    31/03/2000  [v4.02 ] 6.3 IR 35

<CYPRESSTAG name="Pinout" icon=FILE_RPT_PINOUT>
PINOUT INFORMATION   (01:59:04)
</CYPRESSTAG>
Messages:
  Information: Checking for duplicate NODE logic.
                 None.


                                 C22V10
                 __________________________________________
           b(2) =| 1|                                  |24|* not used       
           a(2) =| 2|                                  |23|= sr(2)          
              c =| 3|                                  |22|= cf             
           b(3) =| 4|                                  |21|= (ci_2)         
           b(1) =| 5|                                  |20|= (ci_0)         
           b(0) =| 6|                                  |19|* not used       
           a(3) =| 7|                                  |18|* not used       
           a(1) =| 8|                                  |17|= sr(0)          
           a(0) =| 9|                                  |16|= (ci_1)         
       not used *|10|                                  |15|= sr(1)          
       not used *|11|                                  |14|= sr(3)          
       not used *|12|                                  |13|* not used       
                 __________________________________________


Summary:
                 Error Count = 0      Warning Count = 0

Completed Successfully  
----------------------------------------------------------------------------
PLD Compiler Software:        PLA2JED.EXE    31/03/2000  [v4.02 ] 6.3 IR 35

<CYPRESSTAG name="Utilization" icon=FILE_RPT_UTILIZATION>
RESOURCE UTILIZATION (01:59:04)
</CYPRESSTAG>
  Information: Macrocell Utilization.

                     Description        Used     Max
                 ______________________________________
                 | Dedicated Inputs   |    8  |   11  |
                 | Clock/Inputs       |    1  |    1  |
                 | I/O Macrocells     |    8  |   10  |
                 ______________________________________
                                          17  /   22   = 77  %


  Information: Output Logic Product Term Utilization.

                  Node#  Output Signal Name  Used   Max
                 ________________________________________
                 | 14  |  sr(3)           |   8  |   8  |
                 | 15  |  sr(1)           |   8  |  10  |
                 | 16  |  ci_1            |   5  |  12  |
                 | 17  |  sr(0)           |   2  |  14  |
                 | 18  |  Unused          |   0  |  16  |
                 | 19  |  Unused          |   0  |  16  |
                 | 20  |  ci_0            |   2  |  14  |
                 | 21  |  ci_2            |   5  |  12  |
                 | 22  |  cf              |   5  |  10  |
                 | 23  |  sr(2)           |   8  |   8  |
                 | 25  |  Unused          |   0  |   1  |
                 ________________________________________
                                             43  / 121   = 35  %


Completed Successfully  
----------------------------------------------------------------------------
PLD Compiler Software:        PLA2JED.EXE    31/03/2000  [v4.02 ] 6.3 IR 35

JEDEC ASSEMBLE             (01:59:04)

Messages:
  Information: Output file 'SumadorRestador.pin' created.
  Information: Output file 'SumadorRestador.jed' created.

  Usercode:    
  Checksum:    0DC5



Summary:
                 Error Count = 0      Warning Count = 0

Completed Successfully at 01:59:04
