
     | | | | | | |
   _________________
  -|               |-
  -|               |-
  -|               |-
  -|    CYPRESS    |-
  -|               |-
  -|               |-   Warp VHDL Synthesis Compiler: Version 6.3 IR 35
  -|               |-   Copyright (C) 1991-2001 Cypress Semiconductor
   |_______________|
     | | | | | | |

======================================================================
Compiling:  Multiplex.vhd
Options:    -yu -e10 -w100 -o2 -ygs -fP -v10 -dc22v10 -ppalce22v10-25pc/pi -b Multiplex.vhd -u Multiplex.hie
======================================================================

vhdlfe V6.3 IR 35:  VHDL parser
Mon Nov 20 07:23:56 2023

Library 'work' => directory 'lc22v10'
Linking 'C:\Archivos de programa\Cypress\Warp\bin\std.vhd'.
Linking 'C:\Archivos de programa\Cypress\Warp\lib\common\cypress.vhd'.
Linking 'C:\Archivos de programa\Cypress\Warp\lib\common\work\cypress.vif'.
Library 'ieee' => directory 'C:\Archivos de programa\Cypress\Warp\lib\ieee\work'
Linking 'C:\Archivos de programa\Cypress\Warp\lib\ieee\work\stdlogic.vif'.

vhdlfe:  No errors.


tovif V6.3 IR 35:  High-level synthesis
Mon Nov 20 07:23:56 2023

Linking 'C:\Archivos de programa\Cypress\Warp\bin\std.vhd'.
Linking 'C:\Archivos de programa\Cypress\Warp\lib\common\cypress.vhd'.
Linking 'C:\Archivos de programa\Cypress\Warp\lib\common\work\cypress.vif'.
Linking 'C:\Archivos de programa\Cypress\Warp\lib\ieee\work\stdlogic.vif'.

tovif:  No errors.


topld V6.3 IR 35:  Synthesis and optimization
Mon Nov 20 07:23:56 2023

Linking 'C:\Archivos de programa\Cypress\Warp\bin\std.vhd'.
Linking 'C:\Archivos de programa\Cypress\Warp\lib\common\cypress.vhd'.
Linking 'C:\Archivos de programa\Cypress\Warp\lib\common\work\cypress.vif'.
Linking 'C:\Archivos de programa\Cypress\Warp\lib\ieee\work\stdlogic.vif'.

----------------------------------------------------------
Detecting unused logic.
----------------------------------------------------------



------------------------------------------------------
Alias Detection
------------------------------------------------------

------------------------------------------------------
Aliased 0 equations, 0 wires.
------------------------------------------------------

----------------------------------------------------------
Circuit simplification
----------------------------------------------------------

----------------------------------------------------------
Circuit simplification results:

	Expanded 0 signals.
	Turned 0 signals into soft nodes.
	Maximum default expansion cost was set at 10.
----------------------------------------------------------
Created 6 PLD nodes.

topld:  No errors.

----------------------------------------------------------------------------
PLD Optimizer Software:       DSGNOPT.EXE    31/03/2000  [v4.02 ] 6.3 IR 35

DESIGN HEADER INFORMATION  (07:23:57)

Input File(s): Multiplex.pla
Device       : C22V10
Package      : palce22v10-25pc/pi
ReportFile   : Multiplex.rpt

Program Controls:
    COMMAND LANGUAGE_VHDL 
    COMMAND PROPERTY BUS_HOLD ENABLE 

Signal Requests:
    GROUP USEPOL ALL
    GROUP FAST_SLEW ALL

Completed Successfully  
----------------------------------------------------------------------------
PLD Optimizer Software:       DSGNOPT.EXE    31/03/2000  [v4.02 ] 6.3 IR 35

OPTIMIZATION OPTIONS       (07:23:57)

Messages:
  Information: Optimizing logic using best output polarity for signals:
         z



Summary:
                 Error Count = 0      Warning Count = 0

Completed Successfully  
----------------------------------------------------------------------------
PLD Optimizer Software:       MINOPT.EXE     01/NOV/1999  [v4.02 ] 6.3 IR 35

LOGIC MINIMIZATION         ()

Messages:


Summary:
                 Error Count = 0      Warning Count = 0

Completed Successfully
----------------------------------------------------------------------------
PLD Optimizer Software:       DSGNOPT.EXE    31/03/2000  [v4.02 ] 6.3 IR 35

OPTIMIZATION OPTIONS       (07:23:57)

Messages:
  Information: Optimizing Banked Preset/Reset requirements.


Summary:
                 Error Count = 0      Warning Count = 0

Completed Successfully  
----------------------------------------------------------------------------
PLD Compiler Software:        PLA2JED.EXE    31/03/2000  [v4.02 ] 6.3 IR 35

<CYPRESSTAG name="Equations" icon=FILE_RPT_EQUATION>
DESIGN EQUATIONS           (07:23:57)
</CYPRESSTAG>

    z =
          /a * /b * sel(0) * sel(2) 
        + /a * b * /sel(0) * sel(2) 
        + a * b * sel(0) * /sel(1) 
        + a * /b * /sel(0) * /sel(1) 
        + /a * sel(0) * sel(1) * /sel(2) 
        + b * /sel(0) * /sel(1) * /sel(2) 
        + /b * sel(0) * sel(1) 
        + /a * /b * sel(1) 


Completed Successfully  
----------------------------------------------------------------------------
PLD Compiler Software:        PLA2JED.EXE    31/03/2000  [v4.02 ] 6.3 IR 35

DESIGN RULE CHECK          (07:23:57)

Messages:
                 None.


Summary:
                 Error Count = 0      Warning Count = 0

Completed Successfully  
----------------------------------------------------------------------------
PLD Compiler Software:        PLA2JED.EXE    31/03/2000  [v4.02 ] 6.3 IR 35

<CYPRESSTAG name="Pinout" icon=FILE_RPT_PINOUT>
PINOUT INFORMATION   (07:23:57)
</CYPRESSTAG>
Messages:
  Information: Checking for duplicate NODE logic.
                 None.


                                 C22V10
                 __________________________________________
         sel(2) =| 1|                                  |24|* not used       
         sel(1) =| 2|                                  |23|* not used       
         sel(0) =| 3|                                  |22|* not used       
              b =| 4|                                  |21|* not used       
              a =| 5|                                  |20|* not used       
       not used *| 6|                                  |19|* not used       
       not used *| 7|                                  |18|* not used       
       not used *| 8|                                  |17|* not used       
       not used *| 9|                                  |16|* not used       
       not used *|10|                                  |15|* not used       
       not used *|11|                                  |14|= z              
       not used *|12|                                  |13|* not used       
                 __________________________________________


Summary:
                 Error Count = 0      Warning Count = 0

Completed Successfully  
----------------------------------------------------------------------------
PLD Compiler Software:        PLA2JED.EXE    31/03/2000  [v4.02 ] 6.3 IR 35

<CYPRESSTAG name="Utilization" icon=FILE_RPT_UTILIZATION>
RESOURCE UTILIZATION (07:23:57)
</CYPRESSTAG>
  Information: Macrocell Utilization.

                     Description        Used     Max
                 ______________________________________
                 | Dedicated Inputs   |    4  |   11  |
                 | Clock/Inputs       |    1  |    1  |
                 | I/O Macrocells     |    1  |   10  |
                 ______________________________________
                                           6  /   22   = 27  %


  Information: Output Logic Product Term Utilization.

                  Node#  Output Signal Name  Used   Max
                 ________________________________________
                 | 14  |  z               |   8  |   8  |
                 | 15  |  Unused          |   0  |  10  |
                 | 16  |  Unused          |   0  |  12  |
                 | 17  |  Unused          |   0  |  14  |
                 | 18  |  Unused          |   0  |  16  |
                 | 19  |  Unused          |   0  |  16  |
                 | 20  |  Unused          |   0  |  14  |
                 | 21  |  Unused          |   0  |  12  |
                 | 22  |  Unused          |   0  |  10  |
                 | 23  |  Unused          |   0  |   8  |
                 | 25  |  Unused          |   0  |   1  |
                 ________________________________________
                                              8  / 121   = 6   %


Completed Successfully  
----------------------------------------------------------------------------
PLD Compiler Software:        PLA2JED.EXE    31/03/2000  [v4.02 ] 6.3 IR 35

JEDEC ASSEMBLE             (07:23:57)

Messages:
  Information: Output file 'Multiplex.pin' created.
  Information: Output file 'Multiplex.jed' created.

  Usercode:    
  Checksum:    2F63



Summary:
                 Error Count = 0      Warning Count = 0

Completed Successfully at 07:23:57
