
     | | | | | | |
   _________________
  -|               |-
  -|               |-
  -|               |-
  -|    CYPRESS    |-
  -|               |-
  -|               |-   Warp VHDL Synthesis Compiler: Version 6.3 IR 35
  -|               |-   Copyright (C) 1991-2001 Cypress Semiconductor
   |_______________|
     | | | | | | |

======================================================================
Compiling:  Practica7.vhd
Options:    -yu -e10 -w100 -o2 -ygs -fP -v10 -dc22v10 -ppalce22v10-25pc/pi -b Practica7.vhd -u Practica7.hie
======================================================================

vhdlfe V6.3 IR 35:  VHDL parser
Wed Dec 20 00:02:16 2023

Library 'work' => directory 'lc22v10'
Linking 'C:\Program Files\Cypress\Warp\bin\std.vhd'.
Linking 'C:\Program Files\Cypress\Warp\lib\common\cypress.vhd'.
Linking 'C:\Program Files\Cypress\Warp\lib\common\work\cypress.vif'.
Library 'ieee' => directory 'C:\Program Files\Cypress\Warp\lib\ieee\work'
Linking 'C:\Program Files\Cypress\Warp\lib\ieee\work\stdlogic.vif'.

vhdlfe:  No errors.


tovif V6.3 IR 35:  High-level synthesis
Wed Dec 20 00:02:16 2023

Linking 'C:\Program Files\Cypress\Warp\bin\std.vhd'.
Linking 'C:\Program Files\Cypress\Warp\lib\common\cypress.vhd'.
Linking 'C:\Program Files\Cypress\Warp\lib\common\work\cypress.vif'.
Linking 'C:\Program Files\Cypress\Warp\lib\ieee\work\stdlogic.vif'.

tovif:  No errors.


topld V6.3 IR 35:  Synthesis and optimization
Wed Dec 20 00:02:16 2023

Linking 'C:\Program Files\Cypress\Warp\bin\std.vhd'.
Linking 'C:\Program Files\Cypress\Warp\lib\common\cypress.vhd'.
Linking 'C:\Program Files\Cypress\Warp\lib\common\work\cypress.vif'.
Linking 'C:\Program Files\Cypress\Warp\lib\ieee\work\stdlogic.vif'.

----------------------------------------------------------
Detecting unused logic.
----------------------------------------------------------



------------------------------------------------------
Alias Detection
------------------------------------------------------

------------------------------------------------------
Aliased 0 equations, 0 wires.
------------------------------------------------------

----------------------------------------------------------
Circuit simplification
----------------------------------------------------------

----------------------------------------------------------
Circuit simplification results:

	Expanded 0 signals.
	Turned 0 signals into soft nodes.
	Maximum default expansion cost was set at 10.
----------------------------------------------------------
Created 13 PLD nodes.

topld:  No errors.

----------------------------------------------------------------------------
PLD Optimizer Software:       DSGNOPT.EXE    31/03/2000  [v4.02 ] 6.3 IR 35

DESIGN HEADER INFORMATION  (00:02:17)

Input File(s): Practica7.pla
Device       : C22V10
Package      : palce22v10-25pc/pi
ReportFile   : Practica7.rpt

Program Controls:
    COMMAND LANGUAGE_VHDL 
    COMMAND PROPERTY BUS_HOLD ENABLE 

Signal Requests:
    GROUP USEPOL ALL
    GROUP FAST_SLEW ALL

Completed Successfully  
----------------------------------------------------------------------------
PLD Optimizer Software:       DSGNOPT.EXE    31/03/2000  [v4.02 ] 6.3 IR 35

OPTIMIZATION OPTIONS       (00:02:17)

Messages:
  Information: Optimizing logic using best output polarity for signals:
         display(0) display(1) display(2) display(3) display(4) display(5)
         display(6)



Summary:
                 Error Count = 0      Warning Count = 0

Completed Successfully  
----------------------------------------------------------------------------
PLD Optimizer Software:       MINOPT.EXE     01/NOV/1999  [v4.02 ] 6.3 IR 35

LOGIC MINIMIZATION         ()

Messages:


Summary:
                 Error Count = 0      Warning Count = 0

Completed Successfully
----------------------------------------------------------------------------
PLD Optimizer Software:       DSGNOPT.EXE    31/03/2000  [v4.02 ] 6.3 IR 35

OPTIMIZATION OPTIONS       (00:02:17)

Messages:
  Information: Optimizing Banked Preset/Reset requirements.


Summary:
                 Error Count = 0      Warning Count = 0

Completed Successfully  
----------------------------------------------------------------------------
PLD Compiler Software:        PLA2JED.EXE    31/03/2000  [v4.02 ] 6.3 IR 35

<CYPRESSTAG name="Equations" icon=FILE_RPT_EQUATION>
DESIGN EQUATIONS           (00:02:17)
</CYPRESSTAG>

    /display(0) =
          control(1) * entrada(0) * /entrada(1) * /entrada(2) * 
          /entrada(3) 
        + control(0) * /control(1) * entrada(0) * entrada(3) 
        + control(0) * /control(1) * /entrada(0) * entrada(1) 
        + /entrada(0) * /entrada(1) * /entrada(2) * entrada(3) 
        + /control(1) * /entrada(1) * entrada(2) * /entrada(3) 
        + /control(1) * entrada(1) * /entrada(2) * /entrada(3) 
        + /control(0) * /entrada(0) * /entrada(2) * /entrada(3) 
        + /control(0) * control(1) * entrada(3) 
        + /control(0) * control(1) * entrada(1) 
        + /control(0) * control(1) * entrada(0) 

    /display(1) =
          control(0) * control(1) * entrada(0) * /entrada(1) * /entrada(2) * 
          /entrada(3) 
        + /control(0) * /control(1) * entrada(0) * /entrada(1) * 
          /entrada(2) * /entrada(3) 
        + /control(1) * /entrada(0) * /entrada(1) * /entrada(2) * 
          entrada(3) 
        + control(0) * /control(1) * /entrada(1) * entrada(2) * 
          /entrada(3) 
        + /control(0) * control(1) * /entrada(0) * /entrada(1) * 
          /entrada(3) 
        + /control(0) * control(1) * entrada(1) * entrada(3) 
        + /control(0) * control(1) * entrada(0) * entrada(3) 
        + /control(0) * control(1) * entrada(0) * entrada(1) 
        + control(0) * /control(1) * entrada(1) * entrada(3) 
        + control(0) * /control(1) * /entrada(0) * /entrada(1) 
        + control(0) * /control(1) * /entrada(2) * entrada(3) 
        + /control(1) * /entrada(0) * entrada(2) * /entrada(3) 
        + /entrada(0) * /entrada(1) * entrada(2) * /entrada(3) 
        + /control(0) * control(1) * entrada(2) 

    display(2) =
          control(0) * /control(1) * /entrada(1) * entrada(2) * 
          /entrada(3) 
        + control(1) * entrada(0) * /entrada(1) * /entrada(2) * 
          /entrada(3) 
        + control(0) * entrada(0) * /entrada(1) * /entrada(2) 
        + /control(1) * entrada(0) * entrada(2) * /entrada(3) 
        + /control(1) * entrada(0) * entrada(1) * /entrada(3) 
        + control(0) * control(1) * entrada(3) 
        + control(0) * control(1) * entrada(1) 
        + /control(0) * /control(1) * entrada(3) 
        + control(0) * control(1) * /entrada(2) 
        + control(0) * entrada(0) * /entrada(3) 

    display(3) =
          control(0) * /control(1) * /entrada(0) * /entrada(1) * 
          entrada(2) * /entrada(3) 
        + control(0) * /control(1) * entrada(0) * /entrada(1) * 
          /entrada(2) * /entrada(3) 
        + /control(1) * /entrada(0) * entrada(1) * /entrada(2) * 
          entrada(3) 
        + control(0) * control(1) * /entrada(0) * /entrada(2) * 
          /entrada(3) 
        + control(0) * control(1) * entrada(2) * entrada(3) 
        + control(0) * control(1) * entrada(0) * entrada(3) 
        + control(0) * control(1) * entrada(0) * entrada(2) 
        + /control(1) * entrada(0) * entrada(1) * entrada(2) 
        + /control(0) * /control(1) * entrada(2) * entrada(3) 
        + /control(0) * /control(1) * entrada(0) * entrada(3) 
        + control(0) * control(1) * entrada(1) 

    display(4) =
          /control(0) * control(1) * /entrada(0) * /entrada(1) * 
          /entrada(2) * entrada(3) 
        + /control(0) * /entrada(0) * entrada(1) * /entrada(2) * 
          /entrada(3) 
        + /control(1) * /entrada(0) * entrada(1) * /entrada(2) * 
          /entrada(3) 
        + /control(0) * /control(1) * /entrada(0) * /entrada(2) * 
          /entrada(3) 
        + /control(1) * entrada(1) * entrada(2) * entrada(3) 
        + /control(0) * /control(1) * entrada(2) * entrada(3) 
        + /control(0) * /control(1) * entrada(1) * entrada(3) 
        + /control(1) * /entrada(0) * entrada(2) * entrada(3) 

    display(5) =
          control(0) * /control(1) * entrada(0) * /entrada(1) * entrada(2) * 
          /entrada(3) 
        + control(0) * control(1) * entrada(0) * /entrada(1) * /entrada(2) * 
          /entrada(3) 
        + /control(0) * control(1) * /entrada(0) * /entrada(1) * 
          /entrada(2) * /entrada(3) 
        + control(0) * /control(1) * /entrada(0) * entrada(1) * entrada(2) 
        + /control(0) * /control(1) * /entrada(0) * /entrada(1) * 
          entrada(2) 
        + /control(1) * /entrada(0) * entrada(2) * entrada(3) 
        + /control(0) * control(1) * entrada(1) * entrada(2) 
        + /control(0) * control(1) * entrada(0) * entrada(3) 
        + /control(0) * control(1) * entrada(0) * entrada(2) 
        + /control(0) * control(1) * entrada(0) * entrada(1) 
        + /control(1) * entrada(0) * entrada(1) * entrada(3) 
        + /control(0) * /control(1) * /entrada(0) * entrada(3) 
        + /control(0) * entrada(2) * entrada(3) 
        + /control(0) * entrada(1) * entrada(3) 

    display(6) =
          control(0) * /control(1) * /entrada(0) * /entrada(1) * 
          entrada(2) * /entrada(3) 
        + control(0) * control(1) * /entrada(0) * entrada(1) * /entrada(2) * 
          /entrada(3) 
        + control(0) * /control(1) * entrada(0) * /entrada(1) * 
          /entrada(2) * /entrada(3) 
        + /control(0) * /control(1) * entrada(0) * entrada(1) * entrada(2) 
        + /control(1) * entrada(0) * /entrada(1) * entrada(2) * entrada(3) 
        + /control(1) * entrada(0) * entrada(1) * /entrada(2) * entrada(3) 
        + /control(0) * /control(1) * entrada(2) * entrada(3) 
        + /control(0) * /control(1) * entrada(1) * entrada(3) 


Completed Successfully  
----------------------------------------------------------------------------
PLD Compiler Software:        PLA2JED.EXE    31/03/2000  [v4.02 ] 6.3 IR 35

DESIGN RULE CHECK          (00:02:17)

Messages:
                 None.


Summary:
                 Error Count = 0      Warning Count = 0

Completed Successfully  
----------------------------------------------------------------------------
PLD Compiler Software:        PLA2JED.EXE    31/03/2000  [v4.02 ] 6.3 IR 35

<CYPRESSTAG name="Pinout" icon=FILE_RPT_PINOUT>
PINOUT INFORMATION   (00:02:17)
</CYPRESSTAG>
Messages:
  Information: Checking for duplicate NODE logic.
                 None.


                                 C22V10
                 __________________________________________
     entrada(3) =| 1|                                  |24|* not used       
     entrada(2) =| 2|                                  |23|= display(4)     
     entrada(1) =| 3|                                  |22|= display(0)     
     entrada(0) =| 4|                                  |21|* not used       
     control(1) =| 5|                                  |20|= display(1)     
     control(0) =| 6|                                  |19|* not used       
       not used *| 7|                                  |18|* not used       
       not used *| 8|                                  |17|= display(5)     
       not used *| 9|                                  |16|= display(3)     
       not used *|10|                                  |15|= display(2)     
       not used *|11|                                  |14|= display(6)     
       not used *|12|                                  |13|* not used       
                 __________________________________________


Summary:
                 Error Count = 0      Warning Count = 0

Completed Successfully  
----------------------------------------------------------------------------
PLD Compiler Software:        PLA2JED.EXE    31/03/2000  [v4.02 ] 6.3 IR 35

<CYPRESSTAG name="Utilization" icon=FILE_RPT_UTILIZATION>
RESOURCE UTILIZATION (00:02:17)
</CYPRESSTAG>
  Information: Macrocell Utilization.

                     Description        Used     Max
                 ______________________________________
                 | Dedicated Inputs   |    5  |   11  |
                 | Clock/Inputs       |    1  |    1  |
                 | I/O Macrocells     |    7  |   10  |
                 ______________________________________
                                          13  /   22   = 59  %


  Information: Output Logic Product Term Utilization.

                  Node#  Output Signal Name  Used   Max
                 ________________________________________
                 | 14  |  display(6)      |   8  |   8  |
                 | 15  |  display(2)      |  10  |  10  |
                 | 16  |  display(3)      |  11  |  12  |
                 | 17  |  display(5)      |  14  |  14  |
                 | 18  |  Unused          |   0  |  16  |
                 | 19  |  Unused          |   0  |  16  |
                 | 20  |  display(1)      |  14  |  14  |
                 | 21  |  Unused          |   0  |  12  |
                 | 22  |  display(0)      |  10  |  10  |
                 | 23  |  display(4)      |   8  |   8  |
                 | 25  |  Unused          |   0  |   1  |
                 ________________________________________
                                             75  / 121   = 61  %


Completed Successfully  
----------------------------------------------------------------------------
PLD Compiler Software:        PLA2JED.EXE    31/03/2000  [v4.02 ] 6.3 IR 35

JEDEC ASSEMBLE             (00:02:17)

Messages:
  Information: Output file 'Practica7.pin' created.
  Information: Output file 'Practica7.jed' created.

  Usercode:    
  Checksum:    B271



Summary:
                 Error Count = 0      Warning Count = 0

Completed Successfully at 00:02:17
