
vhdlfe V6.3 IR 35:  VHDL parser
Mon Dec 18 22:57:56 2023

Setting library 'work' to directory 'lc22v10'

vhdlfe:  No errors.


vhdlfe V6.3 IR 35:  VHDL parser
Tue Dec 19 23:48:38 2023

Setting library 'work' to directory 'lc22v10'

vhdlfe:  No errors.


vhdlfe V6.3 IR 35:  VHDL parser
Tue Dec 19 23:52:31 2023

Setting library 'work' to directory 'lc22v10'

vhdlfe:  No errors.


vhdlfe V6.3 IR 35:  VHDL parser
Wed Dec 20 00:00:48 2023

Setting library 'work' to directory 'lc22v10'

vhdlfe:  No errors.


vhdlfe V6.3 IR 35:  VHDL parser
Wed Dec 20 00:01:27 2023

Setting library 'work' to directory 'lc22v10'

vhdlfe:  No errors.


vhdlfe V6.3 IR 35:  VHDL parser
Wed Dec 20 00:02:16 2023

Setting library 'work' to directory 'lc22v10'

vhdlfe:  No errors.

