
     | | | | | | |
   _________________
  -|               |-
  -|               |-
  -|               |-
  -|    CYPRESS    |-
  -|               |-
  -|               |-   Warp VHDL Synthesis Compiler: Version 6.3 IR 35
  -|               |-   Copyright (C) 1991-2001 Cypress Semiconductor
   |_______________|
     | | | | | | |

======================================================================
Compiling:  CM_IF.vhd
Options:    -yu -e10 -w100 -o2 -ygs -fP -v10 -dc22v10 -ppalce22v10-25pc/pi -b CM_IF.vhd -u Practica2_CM_IF.hie
======================================================================

vhdlfe V6.3 IR 35:  VHDL parser
Thu Oct 12 00:42:46 2023

Library 'work' => directory 'lc22v10'
Linking 'C:\Archivos de programa\Cypress\Warp\bin\std.vhd'.
Linking 'C:\Archivos de programa\Cypress\Warp\lib\common\cypress.vhd'.
Linking 'C:\Archivos de programa\Cypress\Warp\lib\common\work\cypress.vif'.
Library 'ieee' => directory 'C:\Archivos de programa\Cypress\Warp\lib\ieee\work'
Linking 'C:\Archivos de programa\Cypress\Warp\lib\ieee\work\stdlogic.vif'.

vhdlfe:  No errors.


tovif V6.3 IR 35:  High-level synthesis
Thu Oct 12 00:42:46 2023

Linking 'C:\Archivos de programa\Cypress\Warp\bin\std.vhd'.
Linking 'C:\Archivos de programa\Cypress\Warp\lib\common\cypress.vhd'.
Linking 'C:\Archivos de programa\Cypress\Warp\lib\common\work\cypress.vif'.
Linking 'C:\Archivos de programa\Cypress\Warp\lib\ieee\work\stdlogic.vif'.

tovif:  No errors.


topld V6.3 IR 35:  Synthesis and optimization
Thu Oct 12 00:42:46 2023

Linking 'C:\Archivos de programa\Cypress\Warp\bin\std.vhd'.
Linking 'C:\Archivos de programa\Cypress\Warp\lib\common\cypress.vhd'.
Linking 'C:\Archivos de programa\Cypress\Warp\lib\common\work\cypress.vif'.
Linking 'C:\Archivos de programa\Cypress\Warp\lib\ieee\work\stdlogic.vif'.

----------------------------------------------------------
Detecting unused logic.
----------------------------------------------------------



------------------------------------------------------
Alias Detection
------------------------------------------------------

------------------------------------------------------
Aliased 0 equations, 2 wires.
------------------------------------------------------

----------------------------------------------------------
Circuit simplification
----------------------------------------------------------

----------------------------------------------------------
Circuit simplification results:

	Expanded 8 signals.
	Turned 0 signals into soft nodes.
	Maximum default expansion cost was set at 10.
----------------------------------------------------------

------------------------------------------------------
Alias Detection
------------------------------------------------------

------------------------------------------------------
Aliased 0 equations, 0 wires.
------------------------------------------------------
Created 21 PLD nodes.

topld:  No errors.

----------------------------------------------------------------------------
PLD Optimizer Software:       DSGNOPT.EXE    31/03/2000  [v4.02 ] 6.3 IR 35

DESIGN HEADER INFORMATION  (00:42:48)

Input File(s): CM_IF.pla
Device       : C22V10
Package      : palce22v10-25pc/pi
ReportFile   : CM_IF.rpt

Program Controls:
    COMMAND LANGUAGE_VHDL 
    COMMAND PROPERTY BUS_HOLD ENABLE 

Signal Requests:
    GROUP USEPOL ALL
    GROUP FAST_SLEW ALL

Completed Successfully  
----------------------------------------------------------------------------
PLD Optimizer Software:       DSGNOPT.EXE    31/03/2000  [v4.02 ] 6.3 IR 35

OPTIMIZATION OPTIONS       (00:42:48)

Messages:
  Information: Optimizing logic using best output polarity for signals:
         i ma me



Summary:
                 Error Count = 0      Warning Count = 0

Completed Successfully  
----------------------------------------------------------------------------
PLD Optimizer Software:       MINOPT.EXE     01/NOV/1999  [v4.02 ] 6.3 IR 35

LOGIC MINIMIZATION         ()

Messages:


Summary:
                 Error Count = 0      Warning Count = 0

Completed Successfully
----------------------------------------------------------------------------
PLD Optimizer Software:       DSGNOPT.EXE    31/03/2000  [v4.02 ] 6.3 IR 35

OPTIMIZATION OPTIONS       (00:42:48)

Messages:
  Information: Optimizing Banked Preset/Reset requirements.


Summary:
                 Error Count = 0      Warning Count = 0

Completed Successfully  
----------------------------------------------------------------------------
PLD Compiler Software:        PLA2JED.EXE    31/03/2000  [v4.02 ] 6.3 IR 35

<CYPRESSTAG name="Equations" icon=FILE_RPT_EQUATION>
DESIGN EQUATIONS           (00:42:48)
</CYPRESSTAG>

    /i =
          /a(0) * b(0) 
        + /a(1) * b(1) 
        + /a(2) * b(2) 
        + /a(3) * b(3) 
        + a(0) * /b(0) 
        + a(1) * /b(1) 
        + a(2) * /b(2) 
        + a(3) * /b(3) 

    ma =
          a(0) * a(1) * a(2) * a(3) * /b(0) 
        + a(0) * a(2) * a(3) * /b(0) * /b(1) 
        + a(0) * a(1) * a(3) * /b(0) * /b(2) 
        + a(0) * a(3) * /b(0) * /b(1) * /b(2) 
        + a(0) * a(1) * a(2) * /b(0) * /b(3) 
        + a(0) * a(2) * /b(0) * /b(1) * /b(3) 
        + a(0) * a(1) * /b(0) * /b(2) * /b(3) 
        + a(0) * /b(0) * /b(1) * /b(2) * /b(3) 
        + a(1) * a(2) * a(3) * /b(1) 
        + a(1) * a(3) * /b(1) * /b(2) 
        + a(1) * a(2) * /b(1) * /b(3) 
        + a(1) * /b(1) * /b(2) * /b(3) 
        + a(2) * a(3) * /b(2) 
        + a(2) * /b(2) * /b(3) 
        + a(3) * /b(3) 

    me =
          /a(0) * b(0) * b(1) * b(2) * b(3) 
        + /a(0) * /a(1) * b(0) * b(2) * b(3) 
        + /a(0) * /a(2) * b(0) * b(1) * b(3) 
        + /a(0) * /a(1) * /a(2) * b(0) * b(3) 
        + /a(0) * /a(3) * b(0) * b(1) * b(2) 
        + /a(0) * /a(1) * /a(3) * b(0) * b(2) 
        + /a(0) * /a(2) * /a(3) * b(0) * b(1) 
        + /a(0) * /a(1) * /a(2) * /a(3) * b(0) 
        + /a(1) * b(1) * b(2) * b(3) 
        + /a(1) * /a(2) * b(1) * b(3) 
        + /a(1) * /a(3) * b(1) * b(2) 
        + /a(1) * /a(2) * /a(3) * b(1) 
        + /a(2) * b(2) * b(3) 
        + /a(2) * /a(3) * b(2) 
        + /a(3) * b(3) 


Completed Successfully  
----------------------------------------------------------------------------
PLD Compiler Software:        PLA2JED.EXE    31/03/2000  [v4.02 ] 6.3 IR 35

DESIGN RULE CHECK          (00:42:48)

Messages:
                 None.


Summary:
                 Error Count = 0      Warning Count = 0

Completed Successfully  
----------------------------------------------------------------------------
PLD Compiler Software:        PLA2JED.EXE    31/03/2000  [v4.02 ] 6.3 IR 35

<CYPRESSTAG name="Pinout" icon=FILE_RPT_PINOUT>
PINOUT INFORMATION   (00:42:48)
</CYPRESSTAG>
Messages:
  Information: Checking for duplicate NODE logic.
                 None.


                                 C22V10
                 __________________________________________
           b(3) =| 1|                                  |24|* not used       
           b(2) =| 2|                                  |23|* not used       
           b(1) =| 3|                                  |22|* not used       
           b(0) =| 4|                                  |21|* not used       
           a(3) =| 5|                                  |20|* not used       
           a(2) =| 6|                                  |19|= ma             
           a(1) =| 7|                                  |18|= me             
           a(0) =| 8|                                  |17|* not used       
       not used *| 9|                                  |16|* not used       
       not used *|10|                                  |15|* not used       
       not used *|11|                                  |14|= i              
       not used *|12|                                  |13|* not used       
                 __________________________________________


Summary:
                 Error Count = 0      Warning Count = 0

Completed Successfully  
----------------------------------------------------------------------------
PLD Compiler Software:        PLA2JED.EXE    31/03/2000  [v4.02 ] 6.3 IR 35

<CYPRESSTAG name="Utilization" icon=FILE_RPT_UTILIZATION>
RESOURCE UTILIZATION (00:42:48)
</CYPRESSTAG>
  Information: Macrocell Utilization.

                     Description        Used     Max
                 ______________________________________
                 | Dedicated Inputs   |    7  |   11  |
                 | Clock/Inputs       |    1  |    1  |
                 | I/O Macrocells     |    3  |   10  |
                 ______________________________________
                                          11  /   22   = 50  %


  Information: Output Logic Product Term Utilization.

                  Node#  Output Signal Name  Used   Max
                 ________________________________________
                 | 14  |  i               |   8  |   8  |
                 | 15  |  Unused          |   0  |  10  |
                 | 16  |  Unused          |   0  |  12  |
                 | 17  |  Unused          |   0  |  14  |
                 | 18  |  me              |  15  |  16  |
                 | 19  |  ma              |  15  |  16  |
                 | 20  |  Unused          |   0  |  14  |
                 | 21  |  Unused          |   0  |  12  |
                 | 22  |  Unused          |   0  |  10  |
                 | 23  |  Unused          |   0  |   8  |
                 | 25  |  Unused          |   0  |   1  |
                 ________________________________________
                                             38  / 121   = 31  %


Completed Successfully  
----------------------------------------------------------------------------
PLD Compiler Software:        PLA2JED.EXE    31/03/2000  [v4.02 ] 6.3 IR 35

JEDEC ASSEMBLE             (00:42:48)

Messages:
  Information: Output file 'CM_IF.pin' created.
  Information: Output file 'CM_IF.jed' created.

  Usercode:    
  Checksum:    D9CD



Summary:
                 Error Count = 0      Warning Count = 0

Completed Successfully at 00:42:48
